android studio project/pos_android_app/build/outputs/logs/manifest-merger-debug-report.txt
-- Merging decision tree log ---
manifest
ADDED from src\main\AndroidManifest.xml:2:1-73:12
	package
		ADDED from src\main\AndroidManifest.xml:3:5-33
		INJECTED from src\main\AndroidManifest.xml
		INJECTED from src\main\AndroidManifest.xml
	android:versionName
		ADDED from src\main\AndroidManifest.xml:5:5-30
		INJECTED from src\main\AndroidManifest.xml
		INJECTED from src\main\AndroidManifest.xml
	android:versionCode
		ADDED from src\main\AndroidManifest.xml:4:5-28
		INJECTED from src\main\AndroidManifest.xml
		INJECTED from src\main\AndroidManifest.xml
	xmlns:android
		ADDED from src\main\AndroidManifest.xml:2:11-69
uses-sdk
ADDED from src\main\AndroidManifest.xml:7:5-9:41
MERGED from [com.android.support:support-v4:21.0.3] AndroidManifest.xml:15:5-42
	android:targetSdkVersion
		ADDED from src\main\AndroidManifest.xml:9:9-38
		INJECTED from src\main\AndroidManifest.xml
		INJECTED from src\main\AndroidManifest.xml
	android:minSdkVersion
		ADDED from src\main\AndroidManifest.xml:8:9-35
		INJECTED from src\main\AndroidManifest.xml
		INJECTED from src\main\AndroidManifest.xml
application
ADDED from src\main\AndroidManifest.xml:11:5-49:19
MERGED from [com.android.support:support-v4:21.0.3] AndroidManifest.xml:16:5-19
	android:label
		ADDED from src\main\AndroidManifest.xml:14:9-41
	android:allowBackup
		ADDED from src\main\AndroidManifest.xml:12:9-35
	android:icon
		ADDED from src\main\AndroidManifest.xml:13:9-45
	android:theme
		ADDED from src\main\AndroidManifest.xml:15:9-40
activity#com.dspread.demoui.MainActivity
ADDED from src\main\AndroidManifest.xml:16:9-23:20
	android:label
		ADDED from src\main\AndroidManifest.xml:18:13-45
	android:exported
		ADDED from src\main\AndroidManifest.xml:19:13-36
	android:name
		ADDED from src\main\AndroidManifest.xml:17:13-41
intent-filter#android.hardware.usb.action.USB_DEVICE_ATTACHED
ADDED from src\main\AndroidManifest.xml:20:13-22:29
action#android.hardware.usb.action.USB_DEVICE_ATTACHED
ADDED from src\main\AndroidManifest.xml:21:18-91
	android:name
		ADDED from src\main\AndroidManifest.xml:21:26-88
activity#com.dspread.demoui.IccActivity
ADDED from src\main\AndroidManifest.xml:24:9-25:20
	android:name
		ADDED from src\main\AndroidManifest.xml:24:19-64
activity#com.dspread.demoui.ConnectedDeviceListActivity
ADDED from src\main\AndroidManifest.xml:31:9-35:59
	android:label
		ADDED from src\main\AndroidManifest.xml:34:13-61
	android:configChanges
		ADDED from src\main\AndroidManifest.xml:33:13-63
	android:theme
		ADDED from src\main\AndroidManifest.xml:35:13-56
	android:name
		ADDED from src\main\AndroidManifest.xml:32:13-74
activity#com.dspread.demoui.AboutActivity
ADDED from src\main\AndroidManifest.xml:36:9-37:20
	android:name
		ADDED from src\main\AndroidManifest.xml:36:19-66
activity#com.dspread.demoui.WelcomeActivity
ADDED from src\main\AndroidManifest.xml:38:9-48:20
	android:label
		ADDED from src\main\AndroidManifest.xml:40:13-45
	android:name
		ADDED from src\main\AndroidManifest.xml:39:13-62
intent-filter#android.hardware.usb.action.USB_DEVICE_ATTACHED+android.intent.action.MAIN+android.intent.category.LAUNCHER
ADDED from src\main\AndroidManifest.xml:41:14-47:29
action#android.intent.action.MAIN
ADDED from src\main\AndroidManifest.xml:42:17-69
	android:name
		ADDED from src\main\AndroidManifest.xml:42:25-66
category#android.intent.category.LAUNCHER
ADDED from src\main\AndroidManifest.xml:44:17-77
	android:name
		ADDED from src\main\AndroidManifest.xml:44:27-74
uses-permission#android.permission.WAKE_LOCK
ADDED from src\main\AndroidManifest.xml:51:5-68
	android:name
		ADDED from src\main\AndroidManifest.xml:51:22-65
uses-permission#android.permission.BLUETOOTH
ADDED from src\main\AndroidManifest.xml:52:5-68
	android:name
		ADDED from src\main\AndroidManifest.xml:52:22-65
uses-permission#android.permission.BLUETOOTH_ADMIN
ADDED from src\main\AndroidManifest.xml:53:5-74
	android:name
		ADDED from src\main\AndroidManifest.xml:53:22-71
uses-permission#android.permission.ACCESS_FINE_LOCATION
ADDED from src\main\AndroidManifest.xml:54:5-79
	android:name
		ADDED from src\main\AndroidManifest.xml:54:22-76
uses-permission#android.permission.ACCESS_COARSE_LOCATION
ADDED from src\main\AndroidManifest.xml:55:5-81
	android:name
		ADDED from src\main\AndroidManifest.xml:55:22-78
uses-permission#android.permission.INTERNET
ADDED from src\main\AndroidManifest.xml:56:5-67
	android:name
		ADDED from src\main\AndroidManifest.xml:56:22-64
uses-permission#android.permission.ACCESS_NETWORK_STATE
ADDED from src\main\AndroidManifest.xml:57:5-79
	android:name
		ADDED from src\main\AndroidManifest.xml:57:22-76
uses-permission#android.permission.MOUNT_UNMOUNT_FILESYSTEMS
ADDED from src\main\AndroidManifest.xml:58:5-84
	android:name
		ADDED from src\main\AndroidManifest.xml:58:22-81
uses-permission#android.permission.WRITE_EXTERNAL_STORAGE
ADDED from src\main\AndroidManifest.xml:59:5-81
	android:name
		ADDED from src\main\AndroidManifest.xml:59:22-78
uses-permission#android.permission.RECORD_AUDIO
ADDED from src\main\AndroidManifest.xml:60:5-71
	android:name
		ADDED from src\main\AndroidManifest.xml:60:22-68
uses-permission#android.permission.MODIFY_AUDIO_SETTINGS
ADDED from src\main\AndroidManifest.xml:61:5-80
	android:name
		ADDED from src\main\AndroidManifest.xml:61:22-77
uses-permission#android.permission.INTERACT_ACROSS_USERS_FULL
ADDED from src\main\AndroidManifest.xml:62:5-85
	android:name
		ADDED from src\main\AndroidManifest.xml:62:22-82
uses-permission#android.permission.INTERACT_ACROSS_USERS
ADDED from src\main\AndroidManifest.xml:63:5-80
	android:name
		ADDED from src\main\AndroidManifest.xml:63:22-77
uses-permission#android.permission.ACCESS_WIFI_STATE
ADDED from src\main\AndroidManifest.xml:64:5-76
	android:name
		ADDED from src\main\AndroidManifest.xml:64:22-73
uses-permission#android.permission.WRITE_CONTACTS
ADDED from src\main\AndroidManifest.xml:65:5-73
	android:name
		ADDED from src\main\AndroidManifest.xml:65:22-70
uses-permission#android.permission.HARDWARE_TEST
ADDED from src\main\AndroidManifest.xml:66:5-72
	android:name
		ADDED from src\main\AndroidManifest.xml:66:22-69
uses-feature#android.hardware.bluetooth_le
ADDED from src\main\AndroidManifest.xml:68:5-70:35
	android:required
		ADDED from src\main\AndroidManifest.xml:70:9-32
	android:name
		ADDED from src\main\AndroidManifest.xml:69:9-53
uses-feature#android.hardware.usb.host
ADDED from src\main\AndroidManifest.xml:71:5-62
	android:name
		ADDED from src\main\AndroidManifest.xml:71:19-59